Log file open, 01/11/19 22:58:49
LogWindows: Failed to load 'aqProf.dll' (GetLastError=126)
LogWindows: File 'aqProf.dll' does not exist
LogWindows: Failed to load 'VSPerf140.dll' (GetLastError=126)
LogWindows: File 'VSPerf140.dll' does not exist
LogWindows: Failed to load 'VtuneApi.dll' (GetLastError=126)
LogWindows: File 'VtuneApi.dll' does not exist
LogWindows: Failed to load 'VtuneApi32e.dll' (GetLastError=126)
LogWindows: File 'VtuneApi32e.dll' does not exist
LogInit: Display: Running engine for game: APsec1LargeCityBase
LogPlatformFile: Not using cached read wrapper
LogTaskGraph: Started task graph with 5 named threads and 23 total threads with 3 sets of task threads.
LogStats: Stats thread started at 0.575544
LogD3D11RHI: Loaded GFSDK_Aftermath_Lib.x64.dll
LogICUInternationalization: Display: ICU TimeZone Detection - Raw Offset: -7:00, Platform Override: ''
LogPluginManager: Mounting plugin Paper2D
LogPluginManager: Mounting plugin AISupport
LogPluginManager: Mounting plugin LightPropagationVolume
LogPluginManager: Mounting plugin CLionSourceCodeAccess
LogPluginManager: Mounting plugin CodeLiteSourceCodeAccess
LogPluginManager: Mounting plugin GitSourceControl
LogPluginManager: Mounting plugin KDevelopSourceCodeAccess
LogPluginManager: Mounting plugin NullSourceCodeAccess
LogPluginManager: Mounting plugin PerforceSourceControl
LogPluginManager: Mounting plugin SubversionSourceControl
LogPluginManager: Mounting plugin UObjectPlugin
LogPluginManager: Mounting plugin VisualStudioCodeSourceCodeAccess
LogPluginManager: Mounting plugin VisualStudioSourceCodeAccess
LogPluginManager: Mounting plugin XCodeSourceCodeAccess
LogPluginManager: Mounting plugin AssetManagerEditor
LogPluginManager: Mounting plugin CryptoKeys
LogPluginManager: Mounting plugin DataValidation
LogPluginManager: Mounting plugin FacialAnimation
LogPluginManager: Mounting plugin GameplayTagsEditor
LogPluginManager: Mounting plugin MacGraphicsSwitching
LogPluginManager: Mounting plugin MeshEditor
LogPluginManager: Mounting plugin MobileLauncherProfileWizard
LogPluginManager: Mounting plugin PluginBrowser
LogPluginManager: Mounting plugin SpeedTreeImporter
LogPluginManager: Mounting plugin DatasmithContent
LogPluginManager: Mounting plugin AlembicImporter
LogPluginManager: Mounting plugin AppleImageUtils
LogPluginManager: Mounting plugin AppleVision
LogPluginManager: Mounting plugin BackChannel
LogPluginManager: Mounting plugin CharacterAI
LogPluginManager: Mounting plugin GeometryCache
LogPluginManager: Mounting plugin HTML5Networking
LogPluginManager: Mounting plugin ProxyLODPlugin
LogPluginManager: Mounting plugin MagicLeap
LogPluginManager: Mounting plugin MagicLeapEmulator
LogPluginManager: Mounting plugin MagicLeapMedia
LogPluginManager: Mounting plugin AndroidMedia
LogPluginManager: Mounting plugin AvfMedia
LogPluginManager: Mounting plugin ImgMedia
LogPluginManager: Mounting plugin LinearTimecode
LogPluginManager: Mounting plugin MediaCompositing
LogPluginManager: Mounting plugin MediaPlayerEditor
LogPluginManager: Mounting plugin WmfMedia
LogPluginManager: Mounting plugin TcpMessaging
LogPluginManager: Mounting plugin UdpMessaging
LogPluginManager: Mounting plugin ActorSequence
LogPluginManager: Mounting plugin LevelSequenceEditor
LogPluginManager: Mounting plugin MatineeToLevelSequence
LogPluginManager: Mounting plugin NetcodeUnitTest
LogPluginManager: Mounting plugin NUTUnrealEngine4
LogPluginManager: Mounting plugin OnlineSubsystemGooglePlay
LogPluginManager: Mounting plugin OnlineSubsystemIOS
LogPluginManager: Mounting plugin OnlineSubsystem
LogPluginManager: Mounting plugin OnlineSubsystemNull
LogPluginManager: Mounting plugin OnlineSubsystemUtils
LogPluginManager: Mounting plugin LauncherChunkInstaller
LogPluginManager: Mounting plugin AndroidDeviceProfileSelector
LogPluginManager: Mounting plugin AndroidMoviePlayer
LogPluginManager: Mounting plugin AndroidPermission
LogPluginManager: Mounting plugin AppleMoviePlayer
LogPluginManager: Mounting plugin ArchVisCharacter
LogPluginManager: Mounting plugin AudioCapture
LogPluginManager: Mounting plugin CableComponent
LogPluginManager: Mounting plugin CustomMeshComponent
LogPluginManager: Mounting plugin EditableMesh
LogPluginManager: Mounting plugin ExampleDeviceProfileSelector
LogPluginManager: Mounting plugin GoogleCloudMessaging
LogPluginManager: Mounting plugin HoudiniEngine
LogPluginManager: Mounting plugin ImmediatePhysics
LogPluginManager: Mounting plugin IOSDeviceProfileSelector
LogPluginManager: Mounting plugin LinuxDeviceProfileSelector
LogPluginManager: Mounting plugin LocationServicesBPLibrary
LogPluginManager: Mounting plugin MobilePatchingUtils
LogPluginManager: Mounting plugin OculusVR
LogPluginManager: Plugin shader directory ../../../Engine/Plugins/Runtime/Oculus/OculusVR/Shaders found
LogPluginManager: Mapping shader source directory ../../../Engine/Plugins/Runtime/Oculus/OculusVR/Shaders to virtual directory /Plugin/OculusVR
LogPluginManager: Mounting plugin PhysXVehicles
LogPluginManager: Mounting plugin ProceduralMeshComponent
LogPluginManager: Mounting plugin RuntimePhysXCooking
LogPluginManager: Mounting plugin SteamVR
LogPluginManager: Mounting plugin WindowsMoviePlayer
LogStreaming: Display: Took  0.275s to configure plugins.
LogInit: Using libcurl 7.55.1-DEV
LogInit:  - built for x86_64-pc-win32
LogInit:  - supports SSL with OpenSSL/1.0.2h
LogInit:  - supports HTTP deflate (compression) using libz 1.2.8
LogInit:  - other features:
LogInit:      CURL_VERSION_SSL
LogInit:      CURL_VERSION_LIBZ
LogInit:      CURL_VERSION_IPV6
LogInit:      CURL_VERSION_ASYNCHDNS
LogInit:      CURL_VERSION_LARGEFILE
LogInit:      CURL_VERSION_IDN
LogInit:  CurlRequestOptions (configurable via config and command line):
LogInit:  - bVerifyPeer = false  - Libcurl will NOT verify peer certificate
LogInit:  - bUseHttpProxy = false  - Libcurl will NOT use HTTP proxy
LogInit:  - bDontReuseConnections = false  - Libcurl will reuse connections
LogInit:  - CertBundlePath = nullptr  - Libcurl will use whatever was configured at build time.
LogInit:  - MaxHostConnections = 16  - Libcurl will limit the number of connections to a host
LogInit:  - LocalHostAddr = Default
LogInit:  - BufferSize = 65536
LogInit: WinSock: version 1.1 (2.2), MaxSocks=32767, MaxUdp=65467
LogInit: Build: ++UE4+Release-4.20-CL-4233996
LogInit: Engine Version: 4.20.1-4233996+++UE4+Release-4.20
LogInit: Compatible Engine Version: 4.20.0-4212847+++UE4+Release-4.20
LogInit: Net CL: 4212847
LogInit: OS: Windows 10 (), CPU: Intel(R) Core(TM) i7-8650U CPU @ 1.90GHz, GPU: Intel(R) UHD Graphics 620
LogInit: Compiled (64-bit): Jul 26 2018 10:07:30
LogInit: Compiled with Visual C++: 19.13.26129.00
LogInit: Build Configuration: Development
LogInit: Branch Name: ++UE4+Release-4.20
LogInit: Command Line: 
LogInit: Base Directory: C:/Program Files/Epic Games/UE_4.20/Engine/Binaries/Win64/
LogInit: Installed Engine Build: 1
LogDevObjectVersion: Number of dev versions registered: 20
LogDevObjectVersion:   Dev-Blueprints (B0D832E4-1F89-4F0D-ACCF-7EB736FD4AA2): 10
LogDevObjectVersion:   Dev-Build (E1C64328-A22C-4D53-A36C-8E866417BD8C): 0
LogDevObjectVersion:   Dev-Core (375EC13C-06E4-48FB-B500-84F0262A717E): 2
LogDevObjectVersion:   Dev-Editor (E4B068ED-F494-42E9-A231-DA0B2E46BB41): 24
LogDevObjectVersion:   Dev-Framework (CFFC743F-43B0-4480-9391-14DF171D2073): 34
LogDevObjectVersion:   Dev-Mobile (B02B49B5-BB20-44E9-A304-32B752E40360): 2
LogDevObjectVersion:   Dev-Networking (A4E4105C-59A1-49B5-A7C5-40C4547EDFEE): 0
LogDevObjectVersion:   Dev-Online (39C831C9-5AE6-47DC-9A44-9C173E1C8E7C): 0
LogDevObjectVersion:   Dev-Physics (78F01B33-EBEA-4F98-B9B4-84EACCB95AA2): 0
LogDevObjectVersion:   Dev-Platform (6631380F-2D4D-43E0-8009-CF276956A95A): 0
LogDevObjectVersion:   Dev-Rendering (12F88B9F-8875-4AFC-A67C-D90C383ABD29): 26
LogDevObjectVersion:   Dev-Sequencer (7B5AE74C-D270-4C10-A958-57980B212A5A): 9
LogDevObjectVersion:   Dev-VR (D7296918-1DD6-4BDD-9DE2-64A83CC13884): 2
LogDevObjectVersion:   Dev-LoadTimes (C2A15278-BFE7-4AFE-6C17-90FF531DF755): 1
LogDevObjectVersion:   Private-Geometry (6EACA3D4-40EC-4CC1-B786-8BED09428FC5): 3
LogDevObjectVersion:   Dev-AnimPhys (29E575DD-E0A3-4627-9D10-D276232CDCEA): 17
LogDevObjectVersion:   Dev-ReflectionCapture (6B266CEC-1EC7-4B8F-A30B-E4D90942FC07): 1
LogDevObjectVersion:   Dev-Automation (0DF73D61-A23F-47EA-B727-89E90C41499A): 1
LogDevObjectVersion:   FortniteMain (601D1886-AC64-4F84-AA16-D3DE0DEAC7D6): 12
LogDevObjectVersion:   Dev-Enterprise (9DFFBCD6-494F-0158-E221-12823C92A888): 1
LogStreaming: Display: Took  0.001s to delete old logs.
LogInit: Presizing for max 8388607 objects, including 0 objects not considered by GC, pre-allocating 0 bytes for permanent pool.
LogInit: Object subsystem initialized
[2019.01.12-05.58.49:801][  0]LogInit: Selected Device Profile: [Windows]
[2019.01.12-05.58.49:801][  0]LogInit: Applying CVar settings loaded from the selected device profile: [Windows]
[2019.01.12-05.58.49:832][  0]LogHAL: Display: Platform has ~ 16 GB [17101164544 / 17179869184 / 16], which maps to Larger [LargestMinGB=32, LargerMinGB=12, DefaultMinGB=8, SmallerMinGB=6, SmallestMinGB=0)
[2019.01.12-05.58.49:832][  0]LogInit: Setting Device Profile CVar: [[r.Vulkan.UseRealUBs:1]]
[2019.01.12-05.58.49:832][  0]LogInit: Going up to parent DeviceProfile []
[2019.01.12-05.58.49:833][  0]LogInit: Computer: DESKTOP-B8CF7E6
[2019.01.12-05.58.49:833][  0]LogInit: User: longf
[2019.01.12-05.58.49:833][  0]LogInit: CPU Page size=4096, Cores=4
[2019.01.12-05.58.49:833][  0]LogInit: High frequency timer resolution =2.062500 MHz
[2019.01.12-05.58.49:833][  0]LogMemory: Memory total: Physical=15.9GB (16GB approx)
[2019.01.12-05.58.49:833][  0]LogMemory: Platform Memory Stats for Windows
[2019.01.12-05.58.49:833][  0]LogMemory: Process Physical Memory: 99.74 MB used, 99.74 MB peak
[2019.01.12-05.58.49:833][  0]LogMemory: Process Virtual Memory: 91.30 MB used, 91.30 MB peak
[2019.01.12-05.58.49:833][  0]LogMemory: Physical Memory: 8997.13 MB used,  7311.82 MB free, 16308.94 MB total
[2019.01.12-05.58.49:833][  0]LogMemory: Virtual Memory: 4645.36 MB used,  7311.82 MB free, 134217728.00 MB total
[2019.01.12-05.58.49:853][  0]LogInit: Using OS detected language (en-US).
[2019.01.12-05.58.49:853][  0]LogInit: Using OS detected locale (en-US).
[2019.01.12-05.58.49:855][  0]LogTextLocalizationManager: No specific localization for 'en-US' exists, so the 'en' localization will be used.
[2019.01.12-05.58.50:357][  0]LogStreaming: Display: Took  0.504s to InitEngineTextLocalization.
[2019.01.12-05.58.50:357][  0]LogInit: Setting process to per monitor DPI aware
[2019.01.12-05.58.50:419][  0]LogSlate: New Slate User Created.  User Index 0, Is Virtual User: 0
[2019.01.12-05.58.50:419][  0]LogSlate: Slate User Registered.  User Index 0, Is Virtual User: 0
[2019.01.12-05.58.50:765][  0]LogHMD: Failed to initialize OpenVR with code 110
[2019.01.12-05.58.50:765][  0]LogD3D11RHI: D3D11 adapters:
[2019.01.12-05.58.50:847][  0]LogD3D11RHI:    0. 'NVIDIA GeForce GTX 1060' (Feature Level 11_0)
[2019.01.12-05.58.50:848][  0]LogD3D11RHI:       6054/0/8154 MB DedicatedVideo/DedicatedSystem/SharedSystem, Outputs:1, VendorId:0x10de
[2019.01.12-05.58.50:865][  0]LogD3D11RHI:    1. 'Intel(R) UHD Graphics 620' (Feature Level 11_0)
[2019.01.12-05.58.50:865][  0]LogD3D11RHI:       128/0/8154 MB DedicatedVideo/DedicatedSystem/SharedSystem, Outputs:0, VendorId:0x8086
[2019.01.12-05.58.50:868][  0]LogD3D11RHI:    2. 'Microsoft Basic Render Driver' (Feature Level 11_0)
[2019.01.12-05.58.50:868][  0]LogD3D11RHI:       0/0/8154 MB DedicatedVideo/DedicatedSystem/SharedSystem, Outputs:0, VendorId:0x1414
[2019.01.12-05.58.50:868][  0]LogD3D11RHI: Chosen D3D11 Adapter: 0
[2019.01.12-05.58.50:927][  0]LogD3D11RHI: Creating new Direct3DDevice
[2019.01.12-05.58.50:927][  0]LogD3D11RHI:     GPU DeviceId: 0x1c20 (for the marketing name, search the web for "GPU Device Id")
[2019.01.12-05.58.50:927][  0]LogWindows: EnumDisplayDevices:
[2019.01.12-05.58.50:927][  0]LogWindows:    0. 'Intel(R) UHD Graphics 620' (P:1 D:1)
[2019.01.12-05.58.50:927][  0]LogWindows:    1. 'Intel(R) UHD Graphics 620' (P:0 D:0)
[2019.01.12-05.58.50:927][  0]LogWindows:    2. 'Intel(R) UHD Graphics 620' (P:0 D:0)
[2019.01.12-05.58.50:928][  0]LogWindows: DebugString: PrimaryIsNotTheChoosenAdapter PrimaryIsNotTheChoosenAdapter PrimaryIsNotTheChoosenAdapter FoundDriverCount:0 
[2019.01.12-05.58.50:928][  0]LogD3D11RHI:     Adapter Name: NVIDIA GeForce GTX 1060
[2019.01.12-05.58.50:928][  0]LogD3D11RHI:   Driver Version: Unknown (internal:Unknown, unified:Unknown)
[2019.01.12-05.58.50:928][  0]LogD3D11RHI:      Driver Date: Unknown
[2019.01.12-05.58.50:928][  0]LogRHI: Texture pool is 4237 MB (70% of 6054 MB)
[2019.01.12-05.58.50:982][  0]LogD3D11RHI: Async texture creation enabled
[2019.01.12-05.58.51:001][  0]LogD3D11RHI: GPU Timing Frequency: 1000.000000 (Debug: 2 2)
[2019.01.12-05.58.51:003][  0]LogShaderCompilers: Guid format shader working directory is -30 characters bigger than the processId version (../../../../../../Users/longf/Documents/Unreal Projects/APsec1LargeCityBase/Intermediate/Shaders/WorkingDirectory/18728/).
[2019.01.12-05.58.51:003][  0]LogShaderCompilers: Cleaned the shader compiler working directory 'C:/Users/longf/AppData/Local/Temp/UnrealShaderWorkingDir/0E4C88FF490C5A6A05E3D8A82947410D/'.
[2019.01.12-05.58.51:711][  0]LogTemp: Display: Loaded TP AllDesktopTargetPlatform
[2019.01.12-05.58.51:734][  0]LogTemp: Display: Loaded TP MacClientTargetPlatform
[2019.01.12-05.58.51:755][  0]LogTemp: Display: Loaded TP MacNoEditorTargetPlatform
[2019.01.12-05.58.51:774][  0]LogTemp: Display: Loaded TP MacServerTargetPlatform
[2019.01.12-05.58.51:793][  0]LogTemp: Display: Loaded TP MacTargetPlatform
[2019.01.12-05.58.51:814][  0]LogTemp: Display: Loaded TP WindowsClientTargetPlatform
[2019.01.12-05.58.51:833][  0]LogTemp: Display: Loaded TP WindowsNoEditorTargetPlatform
[2019.01.12-05.58.51:862][  0]LogTemp: Display: Loaded TP WindowsServerTargetPlatform
[2019.01.12-05.58.51:872][  0]LogTemp: Display: Loaded TP WindowsTargetPlatform
[2019.01.12-05.58.52:009][  0]LogTemp: Display: Loaded TP AndroidTargetPlatform
[2019.01.12-05.58.52:009][  0]LogTemp: Display: Loaded TP AndroidTargetPlatform
[2019.01.12-05.58.52:009][  0]LogTemp: Display: Loaded TP AndroidTargetPlatform
[2019.01.12-05.58.52:009][  0]LogTemp: Display: Loaded TP AndroidTargetPlatform
[2019.01.12-05.58.52:009][  0]LogTemp: Display: Loaded TP AndroidTargetPlatform
[2019.01.12-05.58.52:009][  0]LogTemp: Display: Loaded TP AndroidTargetPlatform
[2019.01.12-05.58.52:009][  0]LogTemp: Display: Loaded TP AndroidTargetPlatform
[2019.01.12-05.58.52:009][  0]LogTemp: Display: Loaded TP AndroidTargetPlatform
[2019.01.12-05.58.52:009][  0]LogTemp: Display: Loaded TP AndroidTargetPlatform
[2019.01.12-05.58.52:009][  0]LogTemp: Display: Loaded TP AndroidTargetPlatform
[2019.01.12-05.58.52:009][  0]LogTemp: Display: Loaded TP AndroidTargetPlatform
[2019.01.12-05.58.52:009][  0]LogTemp: Display: Loaded TP AndroidTargetPlatform
[2019.01.12-05.58.52:009][  0]LogTemp: Display: Loaded TP AndroidTargetPlatform
[2019.01.12-05.58.52:009][  0]LogTemp: Display: Loaded TP AndroidTargetPlatform
[2019.01.12-05.58.52:009][  0]LogTemp: Display: Loaded TP AndroidTargetPlatform
[2019.01.12-05.58.52:009][  0]LogTemp: Display: Loaded TP AndroidTargetPlatform
[2019.01.12-05.58.52:009][  0]LogTemp: Display: Loaded TP AndroidTargetPlatform
[2019.01.12-05.58.52:009][  0]LogTemp: Display: Loaded TP AndroidTargetPlatform
[2019.01.12-05.58.52:012][  0]LogTemp: Display: Loaded TP HTML5TargetPlatform
[2019.01.12-05.58.52:108][  0]LogTemp: Display: Loaded TP IOSTargetPlatform
[2019.01.12-05.58.52:108][  0]LogTemp: Display: Loaded TP IOSTargetPlatform
[2019.01.12-05.58.52:155][  0]LogTemp: Display: Loaded TP TVOSTargetPlatform
[2019.01.12-05.58.52:155][  0]LogTemp: Display: Loaded TP TVOSTargetPlatform
[2019.01.12-05.58.52:177][  0]LogTemp: Display: Loaded TP LinuxClientTargetPlatform
[2019.01.12-05.58.52:201][  0]LogTemp: Display: Loaded TP LinuxNoEditorTargetPlatform
[2019.01.12-05.58.52:220][  0]LogTemp: Display: Loaded TP LinuxServerTargetPlatform
[2019.01.12-05.58.52:240][  0]LogTemp: Display: Loaded TP LinuxTargetPlatform
[2019.01.12-05.58.52:258][  0]LogTemp: Display: Loaded TP LuminTargetPlatform
[2019.01.12-05.58.52:258][  0]LogTargetPlatformManager: Display: Building Assets For Windows
[2019.01.12-05.58.52:359][  0]LogXGEController: Cannot use XGE Controller as Incredibuild is not installed on this machine.
[2019.01.12-05.58.52:359][  0]LogShaderCompilers: Cannot use XGE Shader Compiler as Incredibuild is not installed on this machine.
[2019.01.12-05.58.52:359][  0]LogShaderCompilers: Display: Using Local Shader Compiler.
[2019.01.12-05.58.53:408][  0]LogDerivedDataCache: Display: Max Cache Size: 512 MB
[2019.01.12-05.58.53:483][  0]LogDerivedDataCache: Loaded boot cache 0.08s 71MB C:/Users/longf/AppData/Local/UnrealEngine/4.20/DerivedDataCache/Boot.ddc.
[2019.01.12-05.58.53:484][  0]LogDerivedDataCache: Display: Loaded Boot cache: C:/Users/longf/AppData/Local/UnrealEngine/4.20/DerivedDataCache/Boot.ddc
[2019.01.12-05.58.53:484][  0]LogDerivedDataCache: FDerivedDataBackendGraph:  Pak pak cache file ../../../../../../Users/longf/Documents/Unreal Projects/APsec1LargeCityBase/DerivedDataCache/DDC.ddp not found, will not use a pak cache.
[2019.01.12-05.58.53:484][  0]LogDerivedDataCache: Unable to find inner node Pak for hierarchical cache Hierarchy.
[2019.01.12-05.58.53:484][  0]LogDerivedDataCache: FDerivedDataBackendGraph:  CompressedPak pak cache file ../../../../../../Users/longf/Documents/Unreal Projects/APsec1LargeCityBase/DerivedDataCache/Compressed.ddp not found, will not use a pak cache.
[2019.01.12-05.58.53:484][  0]LogDerivedDataCache: Unable to find inner node CompressedPak for hierarchical cache Hierarchy.
[2019.01.12-05.58.53:502][  0]LogDerivedDataCache: Display: Pak cache opened for reading ../../../Engine/DerivedDataCache/Compressed.ddp.
[2019.01.12-05.58.53:514][  0]LogDerivedDataCache: Using Local data cache path C:/Users/longf/AppData/Local/UnrealEngine/Common/DerivedDataCache: Writable
[2019.01.12-05.58.53:514][  0]LogDerivedDataCache: Shared data cache path not found in *engine.ini, will not use an Shared cache.
[2019.01.12-05.58.53:514][  0]LogDerivedDataCache: Unable to find inner node Shared for hierarchical cache Hierarchy.
[2019.01.12-05.58.53:538][  0]LogMaterial: Verifying Global Shaders for PCD3D_SM5
[2019.01.12-05.58.53:540][  0]LogSlate: Using FreeType 2.6.0
[2019.01.12-05.58.53:541][  0]LogSlate: SlateFontServices - WITH_FREETYPE: 1, WITH_HARFBUZZ: 1
[2019.01.12-05.58.53:639][  0]LogAssetRegistry: FAssetRegistry took 0.0286 seconds to start up
[2019.01.12-05.58.54:103][  0]LogInit: Selected Device Profile: [Windows]
[2019.01.12-05.58.54:305][  0]LogSimplygon: Simplygon DLL not present - disabling.
[2019.01.12-05.58.54:311][  0]LogMeshReduction: Using SimplygonSwarm for distributed automatic mesh merging
[2019.01.12-05.58.54:311][  0]LogMeshReduction: Using ProxyLODMeshReduction for automatic mesh merging
[2019.01.12-05.58.54:312][  0]LogMeshReduction: Using QuadricMeshReduction for automatic static mesh reduction
[2019.01.12-05.58.54:312][  0]LogMeshReduction: No automatic skeletal mesh reduction module available
[2019.01.12-05.58.54:331][  0]LogNetVersion: APsec1LargeCityBase 1.0.0, NetCL: 4212847, EngineNetVer: 5, GameNetVer: 0 (Checksum: 1121110827)
[2019.01.12-05.58.55:074][  0]LogPackageLocalizationCache: Processed 12 localized package path(s) for 2 prioritized culture(s) in 0.173214 seconds
[2019.01.12-05.58.55:082][  0]LogUObjectArray: 38425 objects as part of root set at end of initial load.
[2019.01.12-05.58.55:082][  0]LogUObjectAllocator: 6690864 out of 0 bytes used by permanent object pool.
[2019.01.12-05.58.55:082][  0]LogUObjectArray: CloseDisregardForGC: 0/0 objects in disregard for GC pool
[2019.01.12-05.58.56:251][  0]LogTcpMessaging: Initializing TcpMessaging bridge
[2019.01.12-05.58.56:265][  0]LogUdpMessaging: Initializing bridge on interface 0.0.0.0:0 to multicast group 230.0.0.1:6666.
[2019.01.12-05.58.56:454][  0]SourceControl: Source control is disabled
[2019.01.12-05.58.56:454][  0]SourceControl: Source control is disabled
[2019.01.12-05.58.56:457][  0]SourceControl: Source control is disabled
[2019.01.12-05.58.56:459][  0]SourceControl: Source control is disabled
[2019.01.12-05.58.56:646][  0]LogAndroidPermission: UAndroidPermissionCallbackProxy::GetInstance
[2019.01.12-05.58.56:723][  0]LogHoudiniEngine: Starting the Houdini Engine module.
[2019.01.12-05.58.56:724][  0]LogHoudiniEngine: Loaded libHAPIL.dll from Registry path C:/Program Files/Side Effects Software/Houdini 17.0.352/bin
[2019.01.12-05.58.56:725][  0]LogLinker: Warning: Asset '../../Plugins/Runtime/HoudiniEngine/Content/houdini_logo.uasset' has been saved with empty engine version. The asset will be loaded but may be incompatible.
[2019.01.12-05.58.56:728][  0]LogLinker: Warning: Asset '../../Plugins/Runtime/HoudiniEngine/Content/houdini_default_material.uasset' has been saved with empty engine version. The asset will be loaded but may be incompatible.
[2019.01.12-05.58.56:735][  0]LogLinker: Warning: Asset '../../Plugins/Runtime/HoudiniEngine/Content/houdini_bgeo_import.uasset' has been saved with empty engine version. The asset will be loaded but may be incompatible.
[2019.01.12-05.58.59:793][  0]LogHoudiniEngine: Successfully intialized the Houdini Engine API module.
[2019.01.12-05.58.59:813][  0]LogOcInput: OculusInput pre-init called
[2019.01.12-05.58.59:902][  0]LogEngine: Initializing Engine...
[2019.01.12-05.58.59:903][  0]LogHMD: Failed to initialize OpenVR with code 110
[2019.01.12-05.58.59:904][  0]LogStats: UGameplayTagsManager::ConstructGameplayTagTree: ImportINI prefixes -  0.000 s
[2019.01.12-05.58.59:904][  0]LogStats: UGameplayTagsManager::ConstructGameplayTagTree: Construct from data asset -  0.000 s
[2019.01.12-05.58.59:904][  0]LogStats: UGameplayTagsManager::ConstructGameplayTagTree: ImportINI -  0.000 s
[2019.01.12-05.58.59:904][  0]LogStats: UGameplayTagsManager::ConstructGameplayTagTree: GameplayTagTreeChangedEvent.Broadcast -  0.000 s
[2019.01.12-05.59.00:217][  0]LogInit: Initializing FReadOnlyCVARCache
[2019.01.12-05.59.00:244][  0]LogAIModule: Creating AISystem for world Untitled
[2019.01.12-05.59.00:259][  0]LogInit: XAudio2 using 'Speakers (Realtek High Definition Audio(SST))' : 2 channels at 48 kHz using 32 bits per sample (channel mask 0x3)
[2019.01.12-05.59.00:406][  0]LogInit: FAudioDevice initialized.
[2019.01.12-05.59.00:407][  0]LogNetVersion: Set ProjectVersion to 1.0.0.0. Version Checksum will be recalculated on next use.
[2019.01.12-05.59.00:494][  0]LogDerivedDataCache: Saved boot cache 0.09s 71MB C:/Users/longf/AppData/Local/UnrealEngine/4.20/DerivedDataCache/Boot.ddc.
[2019.01.12-05.59.00:509][  0]LogInit: Texture streaming: Enabled
[2019.01.12-05.59.00:546][  0]LogEngineSessionManager: EngineSessionManager initialized
[2019.01.12-05.59.00:584][  0]LogInit: Transaction tracking system initialized
[2019.01.12-05.59.00:635][  0]BlueprintLog: New page: Editor Load
[2019.01.12-05.59.00:781][  0]LocalizationService: Localization service is disabled
[2019.01.12-05.59.01:177][  0]LogCook: Display: Max memory allowance for cook 16384mb min free memory 0mb
[2019.01.12-05.59.01:177][  0]LogCook: Display: Mobile HDR setting 1
[2019.01.12-05.59.01:179][  0]LogFileCache: Scanning file cache for directory 'C:/Users/longf/Documents/Unreal Projects/APsec1LargeCityBase/Content/' took 0.02s
[2019.01.12-05.59.01:179][  0]LogGameplayTags: Display: UGameplayTagsManager::DoneAddingNativeTags. DelegateIsBound: 0
[2019.01.12-05.59.01:179][  0]LogStats: UGameplayTagsManager::ConstructGameplayTagTree: ImportINI prefixes -  0.000 s
[2019.01.12-05.59.01:179][  0]LogStats: UGameplayTagsManager::ConstructGameplayTagTree: Construct from data asset -  0.000 s
[2019.01.12-05.59.01:179][  0]LogStats: UGameplayTagsManager::ConstructGameplayTagTree: ImportINI -  0.000 s
[2019.01.12-05.59.01:179][  0]LogStats: UGameplayTagsManager::ConstructGameplayTagTree: GameplayTagTreeChangedEvent.Broadcast -  0.000 s
[2019.01.12-05.59.01:292][  0]LogHoudiniEngineEditor: Starting the Houdini Engine Editor module.
[2019.01.12-05.59.01:308][  0]LogHoudiniEngineEditor: Houdini Engine Editor module startup complete.
[2019.01.12-05.59.01:390][  0]SourceControl: Source control is disabled
[2019.01.12-05.59.01:390][  0]Cmd: MAP LOAD FILE="../../../Engine/Content/Maps/Templates/Template_Default.umap" TEMPLATE=1 SHOWPROGRESS=1 FEATURELEVEL=3
[2019.01.12-05.59.01:391][  0]LightingResults: New page: Lighting Build
[2019.01.12-05.59.01:397][  0]MapCheck: New page: Map Check
[2019.01.12-05.59.01:397][  0]LightingResults: New page: Lighting Build
[2019.01.12-05.59.01:705][  0]LogAIModule: Creating AISystem for world Untitled_1
[2019.01.12-05.59.01:717][  0]LogEditorServer: Finished looking for orphan Actors (0.000 secs)
[2019.01.12-05.59.01:751][  0]Cmd: MAP CHECKDEP NOCLEARLOG
[2019.01.12-05.59.01:874][  0]MapCheck: Map check complete: 0 Error(s), 0 Warning(s), took 123.412ms to complete.
[2019.01.12-05.59.01:874][  0]LogFileHelpers: Loading map 'Template_Default' took 0.485
[2019.01.12-05.59.02:062][  0]LogSlate: Updating window title bar state: overlay mode, drag disabled, window buttons hidden, title bar hidden
[2019.01.12-05.59.02:079][  0]LogSlate: Updating window title bar state: overlay mode, drag disabled, window buttons hidden, title bar hidden
[2019.01.12-05.59.02:097][  0]LogSlate: Updating window title bar state: overlay mode, drag disabled, window buttons hidden, title bar hidden
[2019.01.12-05.59.02:107][  0]LogSlate: Updating window title bar state: overlay mode, drag disabled, window buttons hidden, title bar hidden
[2019.01.12-05.59.02:128][  0]LogCollectionManager: Loaded 0 collections in 0.002877 seconds
[2019.01.12-05.59.02:184][  0]LogFileCache: Scanning file cache for directory 'C:/Users/longf/Documents/Unreal Projects/APsec1LargeCityBase/Saved/Collections/' took 0.01s
[2019.01.12-05.59.02:184][  0]LogFileCache: Scanning file cache for directory 'C:/Users/longf/Documents/Unreal Projects/APsec1LargeCityBase/Content/Developers/longf/Collections/' took 0.01s
[2019.01.12-05.59.02:184][  0]LogFileCache: Scanning file cache for directory 'C:/Users/longf/Documents/Unreal Projects/APsec1LargeCityBase/Content/Collections/' took 0.01s
[2019.01.12-05.59.02:184][  0]LogCollectionManager: Rebuilt the GUID cache for 0 collections in 0.000000 seconds
[2019.01.12-05.59.02:206][  0]LogContentBrowser: Native class hierarchy populated in 0.0212 seconds. Added 2610 classes and 610 folders.
[2019.01.12-05.59.02:224][  0]LogContentBrowser: Native class hierarchy updated for 'WidgetCarousel' in 0.0003 seconds. Added 0 classes and 0 folders.
[2019.01.12-05.59.03:348][  0]LogContentBrowser: Native class hierarchy updated for 'AddContentDialog' in 0.0007 seconds. Added 0 classes and 0 folders.
[2019.01.12-05.59.03:375][  0]LogContentBrowser: Native class hierarchy updated for 'SceneOutliner' in 0.0009 seconds. Added 1 classes and 2 folders.
[2019.01.12-05.59.03:723][  0]LogSlate: Took 0.000828 seconds to synchronously load lazily loaded font '../../../Engine/Content/Slate/Fonts/Roboto-Regular.ttf' (155K)
[2019.01.12-05.59.03:736][  0]LogSlate: Took 0.000883 seconds to synchronously load lazily loaded font '../../../Engine/Content/Slate/Fonts/Roboto-Bold.ttf' (160K)
[2019.01.12-05.59.03:794][  0]LogSlate: Took 0.028028 seconds to synchronously load lazily loaded font '../../../Engine/Content/Editor/Slate/Fonts/FontAwesome.ttf' (139K)
[2019.01.12-05.59.04:122][  0]LogRenderer: Reallocating scene render targets to support 724x604 Format 10 NumSamples 1 (Frame:1).
[2019.01.12-05.59.04:404][  0]LogContentBrowser: Native class hierarchy updated for 'HierarchicalLODOutliner' in 0.0007 seconds. Added 0 classes and 0 folders.
[2019.01.12-05.59.04:405][  0]LogLoad: (Engine Initialization) Total time: 18.01 seconds
[2019.01.12-05.59.04:405][  0]LogLoad: (Engine Initialization) Total Blueprint compile time: 0.00 seconds
[2019.01.12-05.59.04:428][  0]LogWindowsTextInputMethodSystem: Display: IME system now deactivated.
[2019.01.12-05.59.04:466][  0]LogContentStreaming: Texture pool size now 3000 MB
[2019.01.12-05.59.04:847][  2]LogAssetRegistry: Asset discovery search completed in 11.2313 seconds
[2019.01.12-05.59.04:849][  2]LogCollectionManager: Rebuilt the object cache for 0 collections in 0.000001 seconds (found 0 objects)
[2019.01.12-05.59.04:849][  2]LogCollectionManager: Fixed up redirectors for 0 collections in 0.000062 seconds (updated 0 objects)
[2019.01.12-05.59.13:976][484]LogSlate: FSceneViewport::OnFocusLost() reason 0
[2019.01.12-05.59.19:856][735]LogSlate: Took 0.020661 seconds to synchronously load lazily loaded font '../../../Engine/Content/Slate/Fonts/Roboto-Light.ttf' (167K)
[2019.01.12-05.59.20:608][735]LogAIModule: Creating AISystem for world testWB
[2019.01.12-05.59.20:680][735]LogAssetEditorManager: Opening Asset editor for World /Game/testWB.testWB
[2019.01.12-05.59.20:719][735]Cmd: MAP LOAD FILE="../../../../../../Users/longf/Documents/Unreal Projects/APsec1LargeCityBase/Content/testWB.umap" TEMPLATE=0 SHOWPROGRESS=1 FEATURELEVEL=3
[2019.01.12-05.59.20:719][735]LightingResults: New page: Lighting Build
[2019.01.12-05.59.20:720][735]LoadErrors: New page: Loading map: testWB.umap
[2019.01.12-05.59.20:720][735]MapCheck: New page: Map Check
[2019.01.12-05.59.20:720][735]LightingResults: New page: Lighting Build
[2019.01.12-05.59.20:895][735]LogEditorServer: Finished looking for orphan Actors (0.000 secs)
[2019.01.12-05.59.20:983][735]Cmd: MAP CHECKDEP NOCLEARLOG
[2019.01.12-05.59.21:092][735]MapCheck: Map check complete: 0 Error(s), 0 Warning(s), took 109.258ms to complete.
[2019.01.12-05.59.21:093][735]LogFileHelpers: Loading map 'testWB' took 0.374
[2019.01.12-05.59.32:937][274]LogEditorViewport: Clicking on Actor (LMB): Brush (Brush Street25)
[2019.01.12-05.59.53:479][298]LogSlate: FSceneViewport::OnFocusLost() reason 0
[2019.01.12-06.03.40:495][693]LogSlate: FSceneViewport::OnFocusLost() reason 0
[2019.01.12-06.07.25:946][725]LogSlate: FSceneViewport::OnFocusLost() reason 2
[2019.01.12-06.07.35:782][172]Cmd: CAMERA ALIGN ACTIVEVIEWPORTONLY
[2019.01.12-06.07.48:968][734]LogSlate: FSceneViewport::OnFocusLost() reason 0
[2019.01.12-06.08.12:619][732]Cmd: CAMERA ALIGN ACTIVEVIEWPORTONLY
[2019.01.12-16.24.08:457][821]LogD3D11RHI: Timed out while waiting for GPU to catch up. (500 ms)
[2019.01.13-02.00.28:964][674]LogSlate: FSceneViewport::OnFocusLost() reason 2
[2019.01.13-02.00.33:766][831]LogSlate: FSceneViewport::OnFocusLost() reason 0
[2019.01.13-21.30.35:295][574]LogHttp: Warning: 000001E33F092840: request failed, libcurl error: 6 (Couldn't resolve host name)
[2019.01.13-21.30.35:296][574]LogHttp: Warning: 000001E33F092840: libcurl info message cache 0 (Found bundle for host datarouter.ol.epicgames.com: 0x1e309377fa0 [can pipeline])
[2019.01.13-21.30.35:296][574]LogHttp: Warning: 000001E33F092840: libcurl info message cache 1 (Re-using existing connection! (#226) with host datarouter.ol.epicgames.com)
[2019.01.13-21.30.35:296][574]LogHttp: Warning: 000001E33F092840: libcurl info message cache 2 (Connected to datarouter.ol.epicgames.com (34.194.131.148) port 443 (#226))
[2019.01.13-21.30.35:296][574]LogHttp: Warning: 000001E33F092840: libcurl info message cache 3 (OpenSSL SSL_read: SSL_ERROR_SYSCALL, errno 10054)
[2019.01.13-21.30.35:296][574]LogHttp: Warning: 000001E33F092840: libcurl info message cache 4 (Connection died, retrying a fresh connect)
[2019.01.13-21.30.35:296][574]LogHttp: Warning: 000001E33F092840: libcurl info message cache 5 (Closing connection 226)
[2019.01.13-21.30.35:296][574]LogHttp: Warning: 000001E33F092840: libcurl info message cache 6 (Issue another request to this URL: 'https://datarouter.ol.epicgames.com/datarouter/api/v1/public/data?SessionID=%7B63539CF1-4D88-4BA2-EE9F-0E8904C85146%7D&AppID=UEEditor.Rocket.Release&AppVersion=4.20.1-4233996%2B%2B%2BUE4%2BRelease-4.20&UserID=f797c2914de910a83498e3a50dae6021%7Cc72e7818748446c98f77da71d5055798%7C8a520eab-1145-447b-8abe-661acbca45c0&AppEnvironment=datacollector-binary&UploadType=eteventstream')
[2019.01.13-21.30.35:296][574]LogHttp: Warning: 000001E33F092840: libcurl info message cache 7 (Could not resolve host: datarouter.ol.epicgames.com)
[2019.01.13-21.30.35:296][574]LogHttp: Warning: 000001E33F092840: libcurl info message cache 8 (Closing connection 227)
[2019.01.13-23.16.11:207][458]LogSlate: FSceneViewport::OnFocusLost() reason 2
[2019.01.13-23.16.12:932][492]LogSlate: FSceneViewport::OnFocusLost() reason 0
[2019.01.13-23.16.13:415][498]LogSlate: Window 'APsec1LargeCityBase - Unreal Editor' being destroyed
[2019.01.13-23.16.13:421][498]LogWindowsTextInputMethodSystem: Display: IME system now deactivated.
[2019.01.13-23.16.14:132][499]Cmd: QUIT_EDITOR
[2019.01.13-23.16.14:251][499]LogExit: Preparing to exit.
